create font6x8 

\ 0  -  
  $00000004 , $ADB6DB52 ,

\ 1  -  
  $660B0004 , $95555752 ,

\ 2  -  
  $6666000E , $8D565B52 ,

\ 3  -  
  $467E0004 , $A5955952 ,

\ 4  -  
  $00000008 , $A597DB6A ,

\ 5  -  
  $00000006 , $A595D37A ,

\ 6  -  
  $00000004 , $ADF4D562 ,

\ 7  -  
  $00000004 , $9556597A ,

\ 8  -  
  $00000004 , $ADB55B52 ,

\ 9  -  
  $00000004 , $A5D6DB52 ,

\ 10  -  
  $0000000A , $ADF6DB52 ,

\ 11  -  
  $00000006 , $ADB5DB5A ,

\ 12  -  
  $00000004 , $AD34DB52 ,

\ 13  -  
  $00000006 , $ADB6DB5A ,

\ 14  -  
  $0000000E , $8D35D37A ,

\ 15  -  
  $00000002 , $8D74D37A ,

\ 16  -  
  $00000004 , $AAAAAAD2 ,

\ 17  -  
  $00000004 , $924926D2 ,

\ 18  -  
  $0000000E , $8A4A2AD2 ,

\ 19  -  
  $00000006 , $A28928DA ,

\ 20  -  
  $00000008 , $A28BAAEA ,

\ 21  -  
  $00000006 , $A289A2FA ,

\ 22  -  
  $00000004 , $AAE8A4E2 ,

\ 23  -  
  $00000004 , $924A28FA ,

\ 24  -  
  $00000004 , $AAA92AD2 ,

\ 25  -  
  $00000004 , $A2CAAAD2 ,

\ 26  -  
  $0000000A , $AAEAAAD2 ,

\ 27  -  
  $00000006 , $AAA9AADA ,

\ 28  -  
  $00000004 , $AA28AAD2 ,

\ 29  -  
  $00000006 , $AAAAAADA ,

\ 30  -  
  $0000000E , $8A29A2FA ,

\ 31  -  
  $00000002 , $8A68A2FA ,

\ 32  -  
  $00000000 , $00000000 ,

\ 33  - !
  $00000040 , $00104104 ,

\ 34  - "
  $00000000 , $0000A28A ,

\ 35  - #
  $00000002 , $9F28A7CA ,

\ 36  - $
  $00000043 , $D4385784 ,

\ 37  - %
  $00000196 , $821082D3 ,

\ 38  - &
  $00000162 , $55189246 ,

\ 39  - '
  $00000000 , $0010830C ,

\ 40  - (
  $00000081 , $04104108 ,

\ 41  - )
  $00000042 , $08208204 ,

\ 42  - *
  $00000045 , $4E395100 ,

\ 43  - +
  $00000001 , $047C4100 ,

\ 44  - ,
  $00001083 , $0C000000 ,

\ 45  - -
  $00000000 , $00780000 ,

\ 46  - .
  $000000C3 , $00000000 ,

\ 47  - /
  $00000010 , $82108210 ,

\ 48  - 0
  $000000E4 , $5355944E ,

\ 49  - 1
  $00000082 , $0820A308 ,

\ 50  - 2
  $000001F0 , $8421044E ,

\ 51  - 3
  $000000E4 , $5031044E ,

\ 52  - 4
  $00000082 , $1F24A308 ,

\ 53  - 5
  $000000F4 , $103C105F ,

\ 54  - 6
  $000000E4 , $513C144E ,

\ 55  - 7
  $00000041 , $0421041F ,

\ 56  - 8
  $000000E4 , $5139144E ,

\ 57  - 9
  $000000E4 , $5079144E ,

\ 58  - :
  $00000003 , $0C00C300 ,

\ 59  - ;
  $00001083 , $0C00C300 ,

\ 60  - <
  $00000102 , $04084210 ,

\ 61  - =
  $00000000 , $1E01E000 ,

\ 62  - >
  $00000021 , $08408102 ,

\ 63  - ?
  $00000040 , $0421044E ,

\ 64  - @
  $000000E0 , $5D55D44E ,

\ 65  - A
  $00000114 , $5F45144E ,

\ 66  - B
  $000000F4 , $513D144F ,

\ 67  - C
  $000000E4 , $4104144E ,

\ 68  - D
  $00000072 , $51451247 ,

\ 69  - E
  $000000F0 , $413C104F ,

\ 70  - F
  $00000010 , $413C104F ,

\ 71  - G
  $000000E2 , $5D04144E ,

\ 72  - H
  $00000114 , $517D1451 ,

\ 73  - I
  $00000041 , $04104104 ,

\ 74  - J
  $000000E4 , $5041041F ,

\ 75  - K
  $00000112 , $450C5251 ,

\ 76  - L
  $000001F0 , $41041041 ,

\ 77  - M
  $00000114 , $515556D1 ,

\ 78  - N
  $00000116 , $595534D1 ,

\ 79  - O
  $000000E4 , $5145144E ,

\ 80  - P
  $00000010 , $413D144F ,

\ 81  - Q
  $00000162 , $4D249246 ,

\ 82  - R
  $00000112 , $453D144F ,

\ 83  - S
  $000000E4 , $5038144E ,

\ 84  - T
  $00000041 , $0410411F ,

\ 85  - U
  $000000E4 , $51451451 ,

\ 86  - V
  $00000041 , $0A291451 ,

\ 87  - W
  $000000A2 , $95551451 ,

\ 88  - X
  $00000114 , $4A10A451 ,

\ 89  - Y
  $00000041 , $0410A451 ,

\ 90  - Z
  $000001F0 , $4210841F ,

\ 91  - [
  $000000E0 , $8208208E ,

\ 92  - \
  $00000102 , $08102081 ,

\ 93  - ]
  $000000E2 , $0820820E ,

\ 94  - ^
  $00000000 , $00011284 ,

\ 95  - _
  $0000FC00 , $00000000 ,

\ 96  - `
  $00000000 , $00204104 ,

\ 97  - a
  $00000166 , $51790380 ,

\ 98  - b
  $000000F4 , $513C1040 ,

\ 99  - c
  $000000E0 , $4104E000 ,

\ 100  - d
  $00000166 , $51656410 ,

\ 101  - e
  $000000E0 , $5F44E000 ,

\ 102  - f
  $00000041 , $04384508 ,

\ 103  - g
  $00001893 , $89246000 ,

\ 104  - h
  $00000114 , $513C1041 ,

\ 105  - i
  $00000041 , $04100004 ,

\ 106  - j
  $00000042 , $88200008 ,

\ 107  - k
  $00000122 , $86292082 ,

\ 108  - l
  $00000040 , $82082082 ,

\ 109  - m
  $00000155 , $5554B000 ,

\ 110  - n
  $00000124 , $9258A000 ,

\ 111  - o
  $000000E4 , $5144E000 ,

\ 112  - p
  $00000413 , $D144F000 ,

\ 113  - q
  $00004107 , $9144E000 ,

\ 114  - r
  $00000020 , $8219A000 ,

\ 115  - s
  $00000072 , $0604E000 ,

\ 116  - t
  $00000081 , $0410E104 ,

\ 117  - u
  $00000162 , $49249000 ,

\ 118  - v
  $00000042 , $8A451000 ,

\ 119  - w
  $000000A5 , $55451000 ,

\ 120  - x
  $00000112 , $84291000 ,

\ 121  - y
  $00000851 , $0A451000 ,

\ 122  - z
  $000000F0 , $4620F000 ,

\ 123  - {
  $00000181 , $04184118 ,

\ 124  - |
  $00001041 , $04104104 ,

\ 125  - }
  $00000062 , $08608206 ,

\ 126  - ~
  $00000000 , $08542000 ,

\ 127  -  
  $00000000 , $00000000 ,
